2023-09-25 08:33:11 [main] INFO  o.s.t.c.s.AnnotationConfigContextLoaderUtils - Could not detect default configuration classes for test class [com.fakecoders.foundation.QuickstartApplicationTests]: QuickstartApplicationTests does not declare any static, non-private, non-final, nested classes annotated with @Configuration.
2023-09-25 08:33:11 [main] INFO  o.s.b.t.c.SpringBootTestContextBootstrapper - Found @SpringBootConfiguration com.fakecoders.foundation.QuickstartApplication for test class com.fakecoders.foundation.QuickstartApplicationTests
2023-09-25 08:33:12 [background-preinit] INFO  o.h.validator.internal.util.Version - HV000001: Hibernate Validator 8.0.1.Final
2023-09-25 08:33:12 [main] INFO  c.f.f.QuickstartApplicationTests - Starting QuickstartApplicationTests using Java 17.0.6 with PID 13756 (started by lalit in C:\Users\lalit\checkouts\quickstart)
2023-09-25 08:33:12 [main] INFO  c.f.f.QuickstartApplicationTests - No active profile set, falling back to 1 default profile: "default"
2023-09-25 08:33:14 [main] INFO  o.s.d.r.c.RepositoryConfigurationDelegate - Bootstrapping Spring Data JPA repositories in DEFAULT mode.
2023-09-25 08:33:14 [main] INFO  o.s.d.r.c.RepositoryConfigurationDelegate - Finished Spring Data repository scanning in 237 ms. Found 5 JPA repository interfaces.
2023-09-25 08:33:16 [main] INFO  o.h.jpa.internal.util.LogHelper - HHH000204: Processing PersistenceUnitInfo [name: default]
2023-09-25 08:33:16 [main] INFO  org.hibernate.Version - HHH000412: Hibernate ORM core version 6.1.7.Final
2023-09-25 08:33:17 [main] INFO  com.zaxxer.hikari.HikariDataSource - HikariPool-1 - Starting...
2023-09-25 08:33:18 [main] INFO  com.zaxxer.hikari.pool.HikariPool - HikariPool-1 - Added connection com.mysql.cj.jdbc.ConnectionImpl@17053b5
2023-09-25 08:33:18 [main] INFO  com.zaxxer.hikari.HikariDataSource - HikariPool-1 - Start completed.
2023-09-25 08:33:18 [main] INFO  SQL dialect - HHH000400: Using dialect: org.hibernate.dialect.MySQL8Dialect
2023-09-25 08:33:18 [main] WARN  org.hibernate.orm.deprecation - HHH90000026: MySQL8Dialect has been deprecated; use org.hibernate.dialect.MySQLDialect instead
2023-09-25 08:33:20 [main] INFO  o.h.e.t.j.p.i.JtaPlatformInitiator - HHH000490: Using JtaPlatform implementation: [org.hibernate.engine.transaction.jta.platform.internal.NoJtaPlatform]
2023-09-25 08:33:21 [main] INFO  o.s.o.j.LocalContainerEntityManagerFactoryBean - Initialized JPA EntityManagerFactory for persistence unit 'default'
2023-09-25 08:33:22 [main] WARN  o.s.b.a.o.j.JpaBaseConfiguration$JpaWebConfiguration - spring.jpa.open-in-view is enabled by default. Therefore, database queries may be performed during view rendering. Explicitly configure spring.jpa.open-in-view to disable this warning
2023-09-25 08:33:26 [main] INFO  o.s.s.web.DefaultSecurityFilterChain - Will secure any request with [org.springframework.security.web.session.DisableEncodeUrlFilter@776eb512, org.springframework.security.web.context.request.async.WebAsyncManagerIntegrationFilter@4ba29b51, org.springframework.security.web.context.SecurityContextHolderFilter@2b1818d1, org.springframework.security.web.header.HeaderWriterFilter@33a38f07, org.springframework.web.filter.CorsFilter@35e7cdb2, org.springframework.security.web.authentication.logout.LogoutFilter@7e047d85, com.fakecoders.foundation.quickstart.security.config.JwtAuthenticationFilter@6c0bf8f4, org.springframework.security.web.savedrequest.RequestCacheAwareFilter@1104cc93, org.springframework.security.web.servletapi.SecurityContextHolderAwareRequestFilter@19dc9dda, org.springframework.security.web.authentication.AnonymousAuthenticationFilter@404a7c61, org.springframework.security.web.session.SessionManagementFilter@7c590039, org.springframework.security.web.access.ExceptionTranslationFilter@4b90a402, org.springframework.security.web.access.intercept.AuthorizationFilter@25f3207e]
2023-09-25 08:33:27 [main] INFO  c.f.f.QuickstartApplicationTests - Started QuickstartApplicationTests in 15.253 seconds (process running for 17.333)
2023-09-25 08:33:27 [SpringApplicationShutdownHook] INFO  o.s.o.j.LocalContainerEntityManagerFactoryBean - Closing JPA EntityManagerFactory for persistence unit 'default'
2023-09-25 08:33:27 [SpringApplicationShutdownHook] INFO  com.zaxxer.hikari.HikariDataSource - HikariPool-1 - Shutdown initiated...
2023-09-25 08:33:27 [SpringApplicationShutdownHook] INFO  com.zaxxer.hikari.HikariDataSource - HikariPool-1 - Shutdown completed.
2023-09-25 08:34:24 [background-preinit] INFO  o.h.validator.internal.util.Version - HV000001: Hibernate Validator 8.0.1.Final
2023-09-25 08:34:24 [main] INFO  c.f.foundation.QuickstartApplication - Starting QuickstartApplication using Java 17.0.6 with PID 7368 (C:\Users\lalit\checkouts\quickstart\target\classes started by lalit in C:\Users\lalit\checkouts\quickstart)
2023-09-25 08:34:24 [main] INFO  c.f.foundation.QuickstartApplication - No active profile set, falling back to 1 default profile: "default"
2023-09-25 08:34:26 [main] INFO  o.s.d.r.c.RepositoryConfigurationDelegate - Bootstrapping Spring Data JPA repositories in DEFAULT mode.
2023-09-25 08:34:26 [main] INFO  o.s.d.r.c.RepositoryConfigurationDelegate - Finished Spring Data repository scanning in 122 ms. Found 5 JPA repository interfaces.
2023-09-25 08:34:27 [main] INFO  o.s.b.w.e.tomcat.TomcatWebServer - Tomcat initialized with port(s): 9193 (http)
2023-09-25 08:34:27 [main] INFO  o.a.coyote.http11.Http11NioProtocol - Initializing ProtocolHandler ["http-nio-9193"]
2023-09-25 08:34:27 [main] INFO  o.a.catalina.core.StandardService - Starting service [Tomcat]
2023-09-25 08:34:27 [main] INFO  o.a.catalina.core.StandardEngine - Starting Servlet engine: [Apache Tomcat/10.1.12]
2023-09-25 08:34:27 [main] INFO  o.a.c.c.C.[Tomcat].[localhost].[/] - Initializing Spring embedded WebApplicationContext
2023-09-25 08:34:27 [main] INFO  o.s.b.w.s.c.ServletWebServerApplicationContext - Root WebApplicationContext: initialization completed in 2458 ms
2023-09-25 08:34:27 [main] INFO  o.h.jpa.internal.util.LogHelper - HHH000204: Processing PersistenceUnitInfo [name: default]
2023-09-25 08:34:27 [main] INFO  org.hibernate.Version - HHH000412: Hibernate ORM core version 6.1.7.Final
2023-09-25 08:34:28 [main] INFO  com.zaxxer.hikari.HikariDataSource - HikariPool-1 - Starting...
2023-09-25 08:34:28 [main] INFO  com.zaxxer.hikari.pool.HikariPool - HikariPool-1 - Added connection com.mysql.cj.jdbc.ConnectionImpl@1f48fa72
2023-09-25 08:34:28 [main] INFO  com.zaxxer.hikari.HikariDataSource - HikariPool-1 - Start completed.
2023-09-25 08:34:28 [main] INFO  SQL dialect - HHH000400: Using dialect: org.hibernate.dialect.MySQL8Dialect
2023-09-25 08:34:28 [main] WARN  org.hibernate.orm.deprecation - HHH90000026: MySQL8Dialect has been deprecated; use org.hibernate.dialect.MySQLDialect instead
2023-09-25 08:34:30 [main] INFO  o.h.e.t.j.p.i.JtaPlatformInitiator - HHH000490: Using JtaPlatform implementation: [org.hibernate.engine.transaction.jta.platform.internal.NoJtaPlatform]
2023-09-25 08:34:30 [main] INFO  o.s.o.j.LocalContainerEntityManagerFactoryBean - Initialized JPA EntityManagerFactory for persistence unit 'default'
2023-09-25 08:34:30 [main] WARN  o.s.b.a.o.j.JpaBaseConfiguration$JpaWebConfiguration - spring.jpa.open-in-view is enabled by default. Therefore, database queries may be performed during view rendering. Explicitly configure spring.jpa.open-in-view to disable this warning
2023-09-25 08:34:32 [main] INFO  o.s.s.web.DefaultSecurityFilterChain - Will secure any request with [org.springframework.security.web.session.DisableEncodeUrlFilter@36afd06f, org.springframework.security.web.context.request.async.WebAsyncManagerIntegrationFilter@18dda2e1, org.springframework.security.web.context.SecurityContextHolderFilter@1c61011b, org.springframework.security.web.header.HeaderWriterFilter@7f77d839, org.springframework.web.filter.CorsFilter@7c3bac88, org.springframework.security.web.authentication.logout.LogoutFilter@10d56aab, com.fakecoders.foundation.quickstart.security.config.JwtAuthenticationFilter@598ff2b3, org.springframework.security.web.savedrequest.RequestCacheAwareFilter@adc06b2, org.springframework.security.web.servletapi.SecurityContextHolderAwareRequestFilter@728cf276, org.springframework.security.web.authentication.AnonymousAuthenticationFilter@3c0b9643, org.springframework.security.web.session.SessionManagementFilter@47b5c247, org.springframework.security.web.access.ExceptionTranslationFilter@414d5660, org.springframework.security.web.access.intercept.AuthorizationFilter@53dfb073]
2023-09-25 08:34:32 [main] INFO  o.a.coyote.http11.Http11NioProtocol - Starting ProtocolHandler ["http-nio-9193"]
2023-09-25 08:34:33 [main] INFO  o.s.b.w.e.tomcat.TomcatWebServer - Tomcat started on port(s): 9193 (http) with context path ''
2023-09-25 08:34:33 [main] INFO  c.f.foundation.QuickstartApplication - Started QuickstartApplication in 8.641 seconds (process running for 9.642)
2023-09-25 08:37:15 [SpringApplicationShutdownHook] INFO  o.s.o.j.LocalContainerEntityManagerFactoryBean - Closing JPA EntityManagerFactory for persistence unit 'default'
2023-09-25 08:37:15 [SpringApplicationShutdownHook] INFO  com.zaxxer.hikari.HikariDataSource - HikariPool-1 - Shutdown initiated...
2023-09-25 08:37:15 [SpringApplicationShutdownHook] INFO  com.zaxxer.hikari.HikariDataSource - HikariPool-1 - Shutdown completed.
